<?xml version="1.0" encoding="UTF-8"?>
<!-- Generated by org.testng.reporters.JUnitReportReporter -->
<testsuite hostname="DESKTOP-QHOC536" failures="0" tests="1" name="crudtable.testcases.MultipleDeleteTest" time="3.661" errors="0" timestamp="2020-07-26T22:56:35 IDT" skipped="0">
  <testcase classname="crudtable.testcases.MultipleDeleteTest" name="deleteAllEmployeesApp" time="3.661"/>
  <system-out/>
</testsuite> <!-- crudtable.testcases.MultipleDeleteTest -->
