<?xml version="1.0" encoding="UTF-8"?>
<!-- Generated by org.testng.reporters.JUnitReportReporter -->
<testsuite hostname="DESKTOP-QHOC536" failures="0" tests="1" name="crudtable.testcases.SinglePrintTest" time="2.658" errors="0" timestamp="2020-07-12T17:04:25 IDT" skipped="0">
  <testcase classname="crudtable.testcases.SinglePrintTest" name="printEmployeeApp" time="2.658"/>
  <system-out/>
</testsuite> <!-- crudtable.testcases.SinglePrintTest -->
