<?xml version="1.0" encoding="UTF-8"?>
<!-- Generated by org.testng.reporters.JUnitReportReporter -->
<testsuite hostname="DESKTOP-QHOC536" failures="0" tests="1" name="crudtable.testcases.MultipleEditTest" time="6.776" errors="0" timestamp="2020-07-12T22:00:36 IDT" skipped="0">
  <testcase classname="crudtable.testcases.MultipleEditTest" name="editAllEmployeesApp" time="6.776"/>
  <system-out/>
</testsuite> <!-- crudtable.testcases.MultipleEditTest -->
