<?xml version="1.0" encoding="UTF-8"?>
<!-- Generated by org.testng.reporters.JUnitReportReporter -->
<testsuite hostname="DESKTOP-QHOC536" failures="0" tests="1" name="crudtable.testcases.SingleAddTest" time="4.412" errors="0" timestamp="2020-07-11T18:25:14 IDT" skipped="0">
  <testcase classname="crudtable.testcases.SingleAddTest" name="addEmployeeApp" time="4.412"/>
  <system-out/>
</testsuite> <!-- crudtable.testcases.SingleAddTest -->
