<?xml version="1.0" encoding="UTF-8"?>
<!-- Generated by org.testng.reporters.JUnitReportReporter -->
<testsuite hostname="DESKTOP-QHOC536" failures="0" tests="1" name="crudtable.testcases.SingleEditTest" time="5.225" errors="0" timestamp="2020-07-12T17:11:02 IDT" skipped="0">
  <testcase classname="crudtable.testcases.SingleEditTest" name="editEmployeeApp" time="5.225"/>
  <system-out/>
</testsuite> <!-- crudtable.testcases.SingleEditTest -->
