<?xml version="1.0" encoding="UTF-8"?>
<!-- Generated by org.testng.reporters.JUnitReportReporter -->
<testsuite hostname="DESKTOP-QHOC536" failures="0" tests="1" name="crudtable.testcases.MultipleAddTest" time="3.975" errors="0" timestamp="2020-07-12T20:11:53 IDT" skipped="0">
  <testcase classname="crudtable.testcases.MultipleAddTest" name="addAllEmployeesApp" time="3.975"/>
  <system-out/>
</testsuite> <!-- crudtable.testcases.MultipleAddTest -->
