<?xml version="1.0" encoding="UTF-8"?>
<!-- Generated by org.testng.reporters.JUnitReportReporter -->
<testsuite hostname="DESKTOP-QHOC536" failures="0" tests="1" name="crudtable.testcases.SingleDeleteTest" time="2.853" errors="0" timestamp="2020-07-12T21:27:19 IDT" skipped="0">
  <testcase classname="crudtable.testcases.SingleDeleteTest" name="deleteEmployeeApp" time="2.853"/>
  <system-out/>
</testsuite> <!-- crudtable.testcases.SingleDeleteTest -->
