<?xml version="1.0" encoding="UTF-8"?>
<!-- Generated by org.testng.reporters.JUnitReportReporter -->
<testsuite hostname="DESKTOP-QHOC536" failures="0" tests="4" name="crudtable.testcases.FullMultipleTest" time="19.131" errors="0" timestamp="2020-07-26T22:57:22 IDT" skipped="0">
  <testcase classname="crudtable.testcases.FullMultipleTest" name="addAllEmployeesApp" time="6.266"/>
  <system-out/>
  <testcase classname="crudtable.testcases.FullMultipleTest" name="printAllEmployeesApp" time="2.826"/>
  <system-out/>
  <testcase classname="crudtable.testcases.FullMultipleTest" name="editAllEmployeesApp" time="6.675"/>
  <system-out/>
  <testcase classname="crudtable.testcases.FullMultipleTest" name="deleteAllEmployeesApp" time="3.364"/>
  <system-out/>
</testsuite> <!-- crudtable.testcases.FullMultipleTest -->
