<?xml version="1.0" encoding="UTF-8"?>
<!-- Generated by org.testng.reporters.JUnitReportReporter -->
<testsuite hostname="DESKTOP-QHOC536" failures="0" tests="4" name="crudtable.testcases.FullSingleTest" time="13.340" errors="0" timestamp="2020-07-26T22:50:37 IDT" skipped="0">
  <testcase classname="crudtable.testcases.FullSingleTest" name="addEmployeeApp" time="3.170"/>
  <system-out/>
  <testcase classname="crudtable.testcases.FullSingleTest" name="printEmployeeApp" time="2.516"/>
  <system-out/>
  <testcase classname="crudtable.testcases.FullSingleTest" name="editEmployeeApp" time="5.030"/>
  <system-out/>
  <testcase classname="crudtable.testcases.FullSingleTest" name="deleteEmployeeApp" time="2.624"/>
  <system-out/>
</testsuite> <!-- crudtable.testcases.FullSingleTest -->
