<?xml version="1.0" encoding="UTF-8"?>
<!-- Generated by org.testng.reporters.JUnitReportReporter -->
<testsuite hostname="DESKTOP-QHOC536" failures="0" tests="1" name="crudtable.testcases.SingleAddTest" time="3.191" errors="0" timestamp="2020-07-26T19:30:19 IDT" skipped="0">
  <testcase classname="crudtable.testcases.SingleAddTest" name="addEmployeeApp" time="3.191"/>
  <system-out/>
</testsuite> <!-- crudtable.testcases.SingleAddTest -->
