<?xml version="1.0" encoding="UTF-8"?>
<!-- Generated by org.testng.reporters.JUnitReportReporter -->
<testsuite hostname="DESKTOP-QHOC536" failures="0" tests="1" name="crudtable.testcases.MultiplePrintTest" time="3.029" errors="0" timestamp="2020-07-26T20:40:32 IDT" skipped="0">
  <testcase classname="crudtable.testcases.MultiplePrintTest" name="printAllEmployeesApp" time="3.029"/>
  <system-out/>
</testsuite> <!-- crudtable.testcases.MultiplePrintTest -->
