<?xml version="1.0" encoding="UTF-8"?>
<!-- Generated by org.testng.reporters.JUnitReportReporter -->
<testsuite hostname="DESKTOP-QHOC536" failures="0" tests="1" name="crudtable.testcases.SinglePrintTest" time="2.404" errors="0" timestamp="2020-07-26T20:31:51 IDT" skipped="0">
  <testcase classname="crudtable.testcases.SinglePrintTest" name="printEmployeeApp" time="2.404"/>
  <system-out/>
</testsuite> <!-- crudtable.testcases.SinglePrintTest -->
